<?xml version="1.0" encoding="UTF-8"?>
<testsuite xmlns:xsi="http://www.w3.org/2001/XMLSchema-instance" xsi:noNamespaceSchemaLocation="https://maven.apache.org/surefire/maven-surefire-plugin/xsd/surefire-test-report-3.0.xsd" version="3.0" name="settlement.TransactionUpdate" time="4.475" tests="1" errors="0" skipped="0" failures="0">
  <properties>
[...]
</properties>
  <testcase name="statusUpdate on statusUpdate(settlement.TransactionUpdate)" classname="settlement.TransactionUpdate" time="3.537">
    <system-out><![CDATA[17:20:54,765 |-INFO in ch.qos.logback.classic.LoggerContext[default] - This is logback-classic version 1.5.3
17:20:54,767 |-INFO in ch.qos.logback.classic.util.ContextInitializer@62ddbd7e - No custom configurators were discovered as a service.
17:20:54,768 |-INFO in ch.qos.logback.classic.util.ContextInitializer@62ddbd7e - Trying to configure with ch.qos.logback.classic.joran.SerializedModelConfigurator
17:20:54,769 |-INFO in ch.qos.logback.classic.util.ContextInitializer@62ddbd7e - Constructed configurator of type class ch.qos.logback.classic.joran.SerializedModelConfigurator
17:20:54,779 |-INFO in ch.qos.logback.classic.LoggerContext[default] - Could NOT find resource [logback-test.scmo]
17:20:54,780 |-INFO in ch.qos.logback.classic.LoggerContext[default] - Could NOT find resource [logback.scmo]
17:20:54,789 |-INFO in ch.qos.logback.classic.util.ContextInitializer@62ddbd7e - ch.qos.logback.classic.joran.SerializedModelConfigurator.configure() call lasted 11 milliseconds. ExecutionStatus=INVOKE_NEXT_IF_ANY
17:20:54,789 |-INFO in ch.qos.logback.classic.util.ContextInitializer@62ddbd7e - Trying to configure with ch.qos.logback.classic.util.DefaultJoranConfigurator
17:20:54,789 |-INFO in ch.qos.logback.classic.util.ContextInitializer@62ddbd7e - Constructed configurator of type class ch.qos.logback.classic.util.DefaultJoranConfigurator
17:20:54,790 |-INFO in ch.qos.logback.classic.LoggerContext[default] - Could NOT find resource [logback-test.xml]
17:20:54,797 |-INFO in ch.qos.logback.classic.LoggerContext[default] - Found resource [logback.xml] at [file:/D:/Dinesh%20Lap%20Backup/New/CollectBot-Settlement/CollectBot-Settlement/target/classes/logback.xml]
17:20:54,954 |-INFO in ch.qos.logback.core.model.processor.AppenderModelHandler - Processing appender named [STDOUT]
17:20:54,955 |-INFO in ch.qos.logback.core.model.processor.AppenderModelHandler - About to instantiate appender of type [ch.qos.logback.core.ConsoleAppender]
17:20:54,963 |-INFO in ch.qos.logback.core.model.processor.ImplicitModelHandler - Assuming default type [ch.qos.logback.classic.encoder.PatternLayoutEncoder] for [encoder] property
17:20:55,007 |-INFO in ch.qos.logback.core.model.processor.AppenderModelHandler - Processing appender named [FILE]
17:20:55,007 |-INFO in ch.qos.logback.core.model.processor.AppenderModelHandler - About to instantiate appender of type [ch.qos.logback.core.FileAppender]
17:20:55,014 |-INFO in ch.qos.logback.core.model.processor.ImplicitModelHandler - Assuming default type [ch.qos.logback.classic.encoder.PatternLayoutEncoder] for [encoder] property
17:20:55,015 |-INFO in ch.qos.logback.core.FileAppender[FILE] - File property is set to [C:/Users/Dinesh/Downloads/13.Fino Settlement 15th to 17th March-2024/settlementApi.log]
17:20:55,018 |-ERROR in ch.qos.logback.core.FileAppender[FILE] - Failed to create parent directories for [C:\Users\Dinesh\Downloads\13.Fino Settlement 15th to 17th March-2024\settlementApi.log]
17:20:55,024 |-ERROR in ch.qos.logback.core.FileAppender[FILE] - openFile(C:/Users/Dinesh/Downloads/13.Fino Settlement 15th to 17th March-2024/settlementApi.log,true) call failed. java.io.FileNotFoundException: C:\Users\Dinesh\Downloads\13.Fino Settlement 15th to 17th March-2024\settlementApi.log (The system cannot find the path specified)
	at java.io.FileNotFoundException: C:\Users\Dinesh\Downloads\13.Fino Settlement 15th to 17th March-2024\settlementApi.log (The system cannot find the path specified)
	at 	at java.base/java.io.FileOutputStream.open0(Native Method)
	at 	at java.base/java.io.FileOutputStream.open(FileOutputStream.java:289)
	at 	at java.base/java.io.FileOutputStream.<init>(FileOutputStream.java:230)
	at 	at ch.qos.logback.core.recovery.ResilientFileOutputStream.<init>(ResilientFileOutputStream.java:26)
	at 	at ch.qos.logback.core.FileAppender.openFile(FileAppender.java:206)
	at 	at ch.qos.logback.core.FileAppender.start(FileAppender.java:126)
	at 	at ch.qos.logback.core.model.processor.AppenderModelHandler.postHandle(AppenderModelHandler.java:84)
	at 	at ch.qos.logback.core.model.processor.DefaultProcessor.secondPhaseTraverse(DefaultProcessor.java:257)
	at 	at ch.qos.logback.core.model.processor.DefaultProcessor.secondPhaseTraverse(DefaultProcessor.java:253)
	at 	at ch.qos.logback.core.model.processor.DefaultProcessor.traversalLoop(DefaultProcessor.java:90)
	at 	at ch.qos.logback.core.model.processor.DefaultProcessor.process(DefaultProcessor.java:106)
	at 	at ch.qos.logback.core.joran.GenericXMLConfigurator.processModel(GenericXMLConfigurator.java:208)
	at 	at ch.qos.logback.core.joran.GenericXMLConfigurator.doConfigure(GenericXMLConfigurator.java:170)
	at 	at ch.qos.logback.core.joran.GenericXMLConfigurator.doConfigure(GenericXMLConfigurator.java:122)
	at 	at ch.qos.logback.core.joran.GenericXMLConfigurator.doConfigure(GenericXMLConfigurator.java:65)
	at 	at ch.qos.logback.classic.util.DefaultJoranConfigurator.configureByResource(DefaultJoranConfigurator.java:68)
	at 	at ch.qos.logback.classic.util.DefaultJoranConfigurator.configure(DefaultJoranConfigurator.java:35)
	at 	at ch.qos.logback.classic.util.ContextInitializer.invokeConfigure(ContextInitializer.java:128)
	at 	at ch.qos.logback.classic.util.ContextInitializer.autoConfig(ContextInitializer.java:103)
	at 	at ch.qos.logback.classic.util.ContextInitializer.autoConfig(ContextInitializer.java:66)
	at 	at ch.qos.logback.classic.spi.LogbackServiceProvider.initializeLoggerContext(LogbackServiceProvider.java:52)
	at 	at ch.qos.logback.classic.spi.LogbackServiceProvider.initialize(LogbackServiceProvider.java:41)
	at 	at org.slf4j.LoggerFactory.bind(LoggerFactory.java:196)
	at 	at org.slf4j.LoggerFactory.performInitialization(LoggerFactory.java:183)
	at 	at org.slf4j.LoggerFactory.getProvider(LoggerFactory.java:486)
	at 	at org.slf4j.LoggerFactory.getILoggerFactory(LoggerFactory.java:472)
	at 	at org.slf4j.LoggerFactory.getLogger(LoggerFactory.java:421)
	at 	at org.slf4j.LoggerFactory.getLogger(LoggerFactory.java:447)
	at 	at org.testng.log4testng.Logger.lambda$getLogger$0(Logger.java:30)
	at 	at java.base/java.util.concurrent.ConcurrentHashMap.computeIfAbsent(ConcurrentHashMap.java:1710)
	at 	at org.testng.log4testng.Logger.getLogger(Logger.java:30)
	at 	at org.testng.TestNG.<clinit>(TestNG.java:113)
	at 	at org.apache.maven.surefire.testng.TestNGExecutor.run(TestNGExecutor.java:102)
	at 	at org.apache.maven.surefire.testng.TestNGDirectoryTestSuite.executeSingleClass(TestNGDirectoryTestSuite.java:102)
	at 	at org.apache.maven.surefire.testng.TestNGDirectoryTestSuite.execute(TestNGDirectoryTestSuite.java:91)
	at 	at org.apache.maven.surefire.testng.TestNGProvider.invoke(TestNGProvider.java:137)
	at 	at org.apache.maven.surefire.booter.ForkedBooter.runSuitesInProcess(ForkedBooter.java:385)
	at 	at org.apache.maven.surefire.booter.ForkedBooter.execute(ForkedBooter.java:162)
	at 	at org.apache.maven.surefire.booter.ForkedBooter.run(ForkedBooter.java:507)
	at 	at org.apache.maven.surefire.booter.ForkedBooter.main(ForkedBooter.java:495)
17:20:55,027 |-INFO in ch.qos.logback.classic.model.processor.LoggerModelHandler - Setting level of logger [settlementApi] to INFO
17:20:55,027 |-INFO in ch.qos.logback.core.model.processor.AppenderRefModelHandler - Attaching appender named [FILE] to Logger[settlementApi]
17:20:55,027 |-INFO in ch.qos.logback.core.model.processor.AppenderRefModelHandler - Attaching appender named [STDOUT] to Logger[settlementApi]
17:20:55,028 |-INFO in ch.qos.logback.classic.model.processor.RootLoggerModelHandler - Setting level of ROOT logger to INFO
17:20:55,028 |-INFO in ch.qos.logback.core.model.processor.AppenderRefModelHandler - Attaching appender named [STDOUT] to Logger[ROOT]
17:20:55,028 |-INFO in ch.qos.logback.core.model.processor.DefaultProcessor@3857f613 - End of configuration.
17:20:55,029 |-INFO in ch.qos.logback.classic.joran.JoranConfigurator@198b6731 - Registering current configuration as safe fallback point
17:20:55,029 |-INFO in ch.qos.logback.classic.util.ContextInitializer@62ddbd7e - ch.qos.logback.classic.util.DefaultJoranConfigurator.configure() call lasted 240 milliseconds. ExecutionStatus=DO_NOT_INVOKE_NEXT_IF_ANY

17:20:55.267 [main] WARN  org.testng.TestRunner - Support to run JUnit tests using TestNG stands deprecated and will be removed in future versions. You can now use the JUnit5 TestNG engine to run both JUnit and TestNG tests. For more information refer to https://github.com/junit-team/testng-engine .
17:20:55.352 [main] INFO  settlement.TransactionUpdate - Starting status update process.
17:20:56.358 [main] INFO  org.mongodb.driver.cluster - Cluster created with settings {hosts=[127.0.0.1:27017], srvHost=collectbot-prod.xph6z.mongodb.net, mode=MULTIPLE, requiredClusterType=REPLICA_SET, serverSelectionTimeout='30000 ms', maxWaitQueueSize=500, requiredReplicaSetName='atlas-12pj7b-shard-0'}
17:20:56.364 [main] INFO  settlement.TransactionUpdate - Total number of rows to process: 32
17:20:56.378 [main] INFO  settlement.TransactionUpdate - Processing row 1: CNVID=NED2024100203452912918740, RRN=427609300181, Status=TRANSACTION CREDIT CONFIRMATION
17:20:56.387 [main] INFO  org.mongodb.driver.cluster - Cluster description not yet available. Waiting for 30000 ms before timing out
17:20:56.424 [cluster-ClusterId{value='66ffd6a07f9621696eb5ccfd', description='null'}-srv-collectbot-prod.xph6z.mongodb.net] INFO  org.mongodb.driver.cluster - Adding discovered server collectbot-prod-shard-00-02.xph6z.mongodb.net:27017 to client view of cluster
17:20:56.454 [cluster-ClusterId{value='66ffd6a07f9621696eb5ccfd', description='null'}-srv-collectbot-prod.xph6z.mongodb.net] INFO  org.mongodb.driver.cluster - Adding discovered server collectbot-prod-shard-00-00.xph6z.mongodb.net:27017 to client view of cluster
17:20:56.455 [cluster-ClusterId{value='66ffd6a07f9621696eb5ccfd', description='null'}-srv-collectbot-prod.xph6z.mongodb.net] INFO  org.mongodb.driver.cluster - Adding discovered server collectbot-prod-shard-00-01.xph6z.mongodb.net:27017 to client view of cluster
17:20:56.459 [main] INFO  org.mongodb.driver.cluster - No server chosen by com.mongodb.client.internal.MongoClientDelegate$1@3b152928 from cluster description ClusterDescription{type=REPLICA_SET, connectionMode=MULTIPLE, serverDescriptions=[ServerDescription{address=collectbot-prod-shard-00-02.xph6z.mongodb.net:27017, type=UNKNOWN, state=CONNECTING}, ServerDescription{address=collectbot-prod-shard-00-01.xph6z.mongodb.net:27017, type=UNKNOWN, state=CONNECTING}, ServerDescription{address=collectbot-prod-shard-00-00.xph6z.mongodb.net:27017, type=UNKNOWN, state=CONNECTING}]}. Waiting for 30000 ms before timing out
17:20:57.122 [cluster-ClusterId{value='66ffd6a07f9621696eb5ccfd', description='null'}-collectbot-prod-shard-00-01.xph6z.mongodb.net:27017] INFO  org.mongodb.driver.connection - Opened connection [connectionId{localValue:1, serverValue:5649}] to collectbot-prod-shard-00-01.xph6z.mongodb.net:27017
17:20:57.122 [cluster-ClusterId{value='66ffd6a07f9621696eb5ccfd', description='null'}-collectbot-prod-shard-00-00.xph6z.mongodb.net:27017] INFO  org.mongodb.driver.connection - Opened connection [connectionId{localValue:3, serverValue:5782}] to collectbot-prod-shard-00-00.xph6z.mongodb.net:27017
17:20:57.179 [cluster-ClusterId{value='66ffd6a07f9621696eb5ccfd', description='null'}-collectbot-prod-shard-00-02.xph6z.mongodb.net:27017] INFO  org.mongodb.driver.connection - Opened connection [connectionId{localValue:2, serverValue:13806}] to collectbot-prod-shard-00-02.xph6z.mongodb.net:27017
17:20:57.216 [cluster-ClusterId{value='66ffd6a07f9621696eb5ccfd', description='null'}-collectbot-prod-shard-00-01.xph6z.mongodb.net:27017] INFO  org.mongodb.driver.cluster - Monitor thread successfully connected to server with description ServerDescription{address=collectbot-prod-shard-00-01.xph6z.mongodb.net:27017, type=REPLICA_SET_SECONDARY, state=CONNECTED, ok=true, version=ServerVersion{versionList=[5, 0, 28]}, minWireVersion=0, maxWireVersion=13, maxDocumentSize=16777216, logicalSessionTimeoutMinutes=30, roundTripTimeNanos=64767500, setName='atlas-12pj7b-shard-0', canonicalAddress=collectbot-prod-shard-00-01.xph6z.mongodb.net:27017, hosts=[collectbot-prod-shard-00-00.xph6z.mongodb.net:27017, collectbot-prod-shard-00-01.xph6z.mongodb.net:27017, collectbot-prod-shard-00-02.xph6z.mongodb.net:27017], passives=[], arbiters=[], primary='collectbot-prod-shard-00-02.xph6z.mongodb.net:27017', tagSet=TagSet{[Tag{name='availabilityZone', value='aps1-az3'}, Tag{name='diskState', value='READY'}, Tag{name='nodeType', value='ELECTABLE'}, Tag{name='provider', value='AWS'}, Tag{name='region', value='AP_SOUTH_1'}, Tag{name='workloadType', value='OPERATIONAL'}]}, electionId=null, setVersion=44, lastWriteDate=Fri Oct 04 17:20:52 IST 2024, lastUpdateTimeNanos=82631380397700}
17:20:57.216 [cluster-ClusterId{value='66ffd6a07f9621696eb5ccfd', description='null'}-collectbot-prod-shard-00-00.xph6z.mongodb.net:27017] INFO  org.mongodb.driver.cluster - Monitor thread successfully connected to server with description ServerDescription{address=collectbot-prod-shard-00-00.xph6z.mongodb.net:27017, type=REPLICA_SET_SECONDARY, state=CONNECTED, ok=true, version=ServerVersion{versionList=[5, 0, 28]}, minWireVersion=0, maxWireVersion=13, maxDocumentSize=16777216, logicalSessionTimeoutMinutes=30, roundTripTimeNanos=55406700, setName='atlas-12pj7b-shard-0', canonicalAddress=collectbot-prod-shard-00-00.xph6z.mongodb.net:27017, hosts=[collectbot-prod-shard-00-00.xph6z.mongodb.net:27017, collectbot-prod-shard-00-01.xph6z.mongodb.net:27017, collectbot-prod-shard-00-02.xph6z.mongodb.net:27017], passives=[], arbiters=[], primary='collectbot-prod-shard-00-02.xph6z.mongodb.net:27017', tagSet=TagSet{[Tag{name='availabilityZone', value='aps1-az1'}, Tag{name='diskState', value='READY'}, Tag{name='nodeType', value='ELECTABLE'}, Tag{name='provider', value='AWS'}, Tag{name='region', value='AP_SOUTH_1'}, Tag{name='workloadType', value='OPERATIONAL'}]}, electionId=null, setVersion=44, lastWriteDate=Fri Oct 04 17:20:52 IST 2024, lastUpdateTimeNanos=82631372193100}
17:20:57.219 [cluster-ClusterId{value='66ffd6a07f9621696eb5ccfd', description='null'}-collectbot-prod-shard-00-02.xph6z.mongodb.net:27017] INFO  org.mongodb.driver.cluster - Monitor thread successfully connected to server with description ServerDescription{address=collectbot-prod-shard-00-02.xph6z.mongodb.net:27017, type=REPLICA_SET_PRIMARY, state=CONNECTED, ok=true, version=ServerVersion{versionList=[5, 0, 28]}, minWireVersion=0, maxWireVersion=13, maxDocumentSize=16777216, logicalSessionTimeoutMinutes=30, roundTripTimeNanos=33748900, setName='atlas-12pj7b-shard-0', canonicalAddress=collectbot-prod-shard-00-02.xph6z.mongodb.net:27017, hosts=[collectbot-prod-shard-00-00.xph6z.mongodb.net:27017, collectbot-prod-shard-00-01.xph6z.mongodb.net:27017, collectbot-prod-shard-00-02.xph6z.mongodb.net:27017], passives=[], arbiters=[], primary='collectbot-prod-shard-00-02.xph6z.mongodb.net:27017', tagSet=TagSet{[Tag{name='availabilityZone', value='aps1-az2'}, Tag{name='diskState', value='READY'}, Tag{name='nodeType', value='ELECTABLE'}, Tag{name='provider', value='AWS'}, Tag{name='region', value='AP_SOUTH_1'}, Tag{name='workloadType', value='OPERATIONAL'}]}, electionId=7fffffff000000000000007d, setVersion=44, lastWriteDate=Fri Oct 04 17:20:52 IST 2024, lastUpdateTimeNanos=82631405393400}
17:20:57.220 [cluster-ClusterId{value='66ffd6a07f9621696eb5ccfd', description='null'}-collectbot-prod-shard-00-02.xph6z.mongodb.net:27017] INFO  org.mongodb.driver.cluster - Setting max election id to 7fffffff000000000000007d from replica set primary collectbot-prod-shard-00-02.xph6z.mongodb.net:27017
17:20:57.220 [cluster-ClusterId{value='66ffd6a07f9621696eb5ccfd', description='null'}-collectbot-prod-shard-00-02.xph6z.mongodb.net:27017] INFO  org.mongodb.driver.cluster - Setting max set version to 44 from replica set primary collectbot-prod-shard-00-02.xph6z.mongodb.net:27017
17:20:57.221 [cluster-ClusterId{value='66ffd6a07f9621696eb5ccfd', description='null'}-collectbot-prod-shard-00-02.xph6z.mongodb.net:27017] INFO  org.mongodb.driver.cluster - Discovered replica set primary collectbot-prod-shard-00-02.xph6z.mongodb.net:27017
17:20:57.693 [main] INFO  org.mongodb.driver.connection - Opened connection [connectionId{localValue:4, serverValue:13807}] to collectbot-prod-shard-00-02.xph6z.mongodb.net:27017
17:20:57.750 [main] INFO  settlement.TransactionUpdate - Successfully updated document for transferID: NED2024100203452912918740
17:20:57.751 [main] INFO  settlement.TransactionUpdate - Processing row 2: CNVID=NED2024100203452913417947, RRN=427609300182, Status=TRANSACTION CREDIT CONFIRMATION
17:20:57.785 [main] INFO  settlement.TransactionUpdate - Successfully updated document for transferID: NED2024100203452913417947
17:20:57.786 [main] INFO  settlement.TransactionUpdate - Processing row 3: CNVID=NED2024100203332926410419, RRN=427609297599, Status=TRANSACTION CREDIT CONFIRMATION
17:20:57.818 [main] INFO  settlement.TransactionUpdate - Successfully updated document for transferID: NED2024100203332926410419
17:20:57.820 [main] INFO  settlement.TransactionUpdate - Processing row 4: CNVID=NED2024100201252939814096, RRN=427606258079, Status=TRANSACTION CREDIT CONFIRMATION
17:20:57.851 [main] INFO  settlement.TransactionUpdate - Successfully updated document for transferID: NED2024100201252939814096
17:20:57.852 [main] INFO  settlement.TransactionUpdate - Processing row 5: CNVID=NED2024100201252930010907, RRN=427606258076, Status=TRANSACTION CREDIT CONFIRMATION
17:20:57.886 [main] INFO  settlement.TransactionUpdate - Successfully updated document for transferID: NED2024100201252930010907
17:20:57.887 [main] INFO  settlement.TransactionUpdate - Processing row 6: CNVID=NED2024100118492926913437, RRN=427600216977, Status=TRANSACTION CREDIT CONFIRMATION
17:20:57.920 [main] INFO  settlement.TransactionUpdate - Successfully updated document for transferID: NED2024100118492926913437
17:20:57.921 [main] INFO  settlement.TransactionUpdate - Processing row 7: CNVID=NED2024100118452891312721, RRN=427600215318, Status=TRANSACTION CREDIT CONFIRMATION
17:20:57.961 [main] INFO  settlement.TransactionUpdate - Successfully updated document for transferID: NED2024100118452891312721
17:20:57.962 [main] INFO  settlement.TransactionUpdate - Processing row 8: CNVID=NED2024100118432925112098, RRN=427600214483, Status=TRANSACTION CREDIT CONFIRMATION
17:20:57.999 [main] INFO  settlement.TransactionUpdate - Successfully updated document for transferID: NED2024100118432925112098
17:20:58.000 [main] INFO  settlement.TransactionUpdate - Processing row 9: CNVID=NED2024100118352924410108, RRN=427600211641, Status=TRANSACTION CREDIT CONFIRMATION
17:20:58.038 [main] INFO  settlement.TransactionUpdate - Successfully updated document for transferID: NED2024100118352924410108
17:20:58.038 [main] INFO  settlement.TransactionUpdate - Processing row 10: CNVID=NED2024100118352914319899, RRN=427600211638, Status=TRANSACTION CREDIT CONFIRMATION
17:20:58.087 [main] INFO  settlement.TransactionUpdate - Successfully updated document for transferID: NED2024100118352914319899
17:20:58.088 [main] INFO  settlement.TransactionUpdate - Processing row 11: CNVID=NED2024100204104941714348, RRN=427609306543, Status=TRANSACTION CREDIT CONFIRMATION
17:20:58.125 [main] INFO  settlement.TransactionUpdate - Successfully updated document for transferID: NED2024100204104941714348
17:20:58.128 [main] INFO  settlement.TransactionUpdate - Processing row 12: CNVID=NED2024100211424596818735, RRN=427617443189, Status=TRANSACTION CREDIT CONFIRMATION
17:20:58.165 [main] INFO  settlement.TransactionUpdate - Successfully updated document for transferID: NED2024100211424596818735
17:20:58.166 [main] INFO  settlement.TransactionUpdate - Processing row 13: CNVID=NED2024100207484229312941, RRN=427613375415, Status=TRANSACTION CREDIT CONFIRMATION
17:20:58.197 [main] INFO  settlement.TransactionUpdate - Successfully updated document for transferID: NED2024100207484229312941
17:20:58.198 [main] INFO  settlement.TransactionUpdate - Processing row 14: CNVID=NED2024100203364312215205, RRN=427609298215, Status=TRANSACTION CREDIT CONFIRMATION
17:20:58.230 [main] INFO  settlement.TransactionUpdate - Successfully updated document for transferID: NED2024100203364312215205
17:20:58.231 [main] INFO  settlement.TransactionUpdate - Processing row 15: CNVID=NED2024100204361950714485, RRN=427610313592, Status=TRANSACTION CREDIT CONFIRMATION
17:20:58.262 [main] INFO  settlement.TransactionUpdate - Successfully updated document for transferID: NED2024100204361950714485
17:20:58.263 [main] INFO  settlement.TransactionUpdate - Processing row 16: CNVID=NED2024100219334745515826, RRN=427701559753, Status=TRANSACTION CREDIT CONFIRMATION
17:20:58.323 [main] INFO  settlement.TransactionUpdate - Successfully updated document for transferID: NED2024100219334745515826
17:20:58.324 [main] INFO  settlement.TransactionUpdate - Processing row 17: CNVID=NED2024100221151495113603, RRN=427702571577, Status=TRANSACTION CREDIT CONFIRMATION
17:20:58.362 [main] INFO  settlement.TransactionUpdate - Successfully updated document for transferID: NED2024100221151495113603
17:20:58.364 [main] INFO  settlement.TransactionUpdate - Processing row 18: CNVID=, RRN=0, Status=
17:20:58.395 [main] INFO  settlement.TransactionUpdate - Successfully updated document for transferID: 
17:20:58.395 [main] INFO  settlement.TransactionUpdate - Processing row 19: CNVID=, RRN=0, Status=
17:20:58.428 [main] INFO  settlement.TransactionUpdate - Successfully updated document for transferID: 
17:20:58.428 [main] INFO  settlement.TransactionUpdate - Processing row 20: CNVID=, RRN=0, Status=
17:20:58.460 [main] INFO  settlement.TransactionUpdate - Successfully updated document for transferID: 
17:20:58.461 [main] INFO  settlement.TransactionUpdate - Processing row 21: CNVID=, RRN=0, Status=
17:20:58.491 [main] INFO  settlement.TransactionUpdate - Successfully updated document for transferID: 
17:20:58.492 [main] INFO  settlement.TransactionUpdate - Processing row 22: CNVID=, RRN=0, Status=
17:20:58.523 [main] INFO  settlement.TransactionUpdate - Successfully updated document for transferID: 
17:20:58.524 [main] INFO  settlement.TransactionUpdate - Processing row 23: CNVID=, RRN=0, Status=
17:20:58.555 [main] INFO  settlement.TransactionUpdate - Successfully updated document for transferID: 
17:20:58.556 [main] INFO  settlement.TransactionUpdate - Processing row 24: CNVID=, RRN=0, Status=
17:20:58.587 [main] INFO  settlement.TransactionUpdate - Successfully updated document for transferID: 
17:20:58.588 [main] INFO  settlement.TransactionUpdate - Processing row 25: CNVID=, RRN=0, Status=
17:20:58.618 [main] INFO  settlement.TransactionUpdate - Successfully updated document for transferID: 
17:20:58.619 [main] INFO  settlement.TransactionUpdate - Processing row 26: CNVID=, RRN=0, Status=
17:20:58.648 [main] INFO  settlement.TransactionUpdate - Successfully updated document for transferID: 
17:20:58.650 [main] INFO  settlement.TransactionUpdate - Processing row 27: CNVID=, RRN=0, Status=
17:20:58.677 [main] INFO  settlement.TransactionUpdate - Successfully updated document for transferID: 
17:20:58.679 [main] INFO  settlement.TransactionUpdate - Processing row 28: CNVID=, RRN=0, Status=
17:20:58.708 [main] INFO  settlement.TransactionUpdate - Successfully updated document for transferID: 
17:20:58.709 [main] INFO  settlement.TransactionUpdate - Processing row 29: CNVID=, RRN=0, Status=
17:20:58.739 [main] INFO  settlement.TransactionUpdate - Successfully updated document for transferID: 
17:20:58.740 [main] INFO  settlement.TransactionUpdate - Processing row 30: CNVID=, RRN=0, Status=
17:20:58.771 [main] INFO  settlement.TransactionUpdate - Successfully updated document for transferID: 
17:20:58.772 [main] INFO  settlement.TransactionUpdate - Processing row 31: CNVID=, RRN=0, Status=
17:20:58.809 [main] INFO  settlement.TransactionUpdate - Successfully updated document for transferID: 
17:20:58.809 [main] INFO  settlement.TransactionUpdate - Processing row 32: CNVID=, RRN=0, Status=
17:20:58.844 [main] INFO  settlement.TransactionUpdate - Successfully updated document for transferID: 
17:20:58.880 [main] INFO  settlement.TransactionUpdate - Status update process completed.
]]></system-out>
    <system-err><![CDATA[ERROR StatusLogger Log4j2 could not find a logging implementation. Please add log4j-core to the classpath. Using SimpleLogger to log to the console...
]]></system-err>
  </testcase>
</testsuite>